  lab1.cpp
C:\Program Files (x86)\Windows Kits\10\Include\10.0.22000.0\shared\minwindef.h(130,1): warning C4005: 'APIENTRY': macro redefinition
C:\Users\victo\Desktop\Proiect-POO-Curs\deps\api\GLFW/glfw3.h(123,1): message : see previous definition of 'APIENTRY'
C:\Users\victo\Desktop\Proiect-POO-Curs\src\lab_m1\lab1\lab1.cpp(178,23): warning C4244: 'initializing': conversion from 'double' to 'float', possible loss of data
C:\Users\victo\Desktop\Proiect-POO-Curs\src\lab_m1\lab1\lab1.cpp(375,49): warning C4244: 'argument': conversion from '_Ty' to 'float', possible loss of data
          with
          [
              _Ty=unsigned int
          ]
C:\Users\victo\Desktop\Proiect-POO-Curs\src\lab_m1\lab1\lab1.cpp(375,37): warning C4244: 'argument': conversion from '_Ty' to 'float', possible loss of data
          with
          [
              _Ty=unsigned int
          ]
C:\Users\victo\Desktop\Proiect-POO-Curs\src\lab_m1\lab1\lab1.cpp(423,37): warning C4244: 'argument': conversion from 'int' to '_Ty', possible loss of data
          with
          [
              _Ty=char
          ]
C:\Users\victo\Desktop\Proiect-POO-Curs\src\lab_m1\lab1\lab1.cpp(438,13): warning C4267: 'initializing': conversion from 'size_t' to 'int', possible loss of data
C:\Users\victo\Desktop\Proiect-POO-Curs\src\lab_m1\lab1\lab1.cpp(452,13): warning C4267: 'initializing': conversion from 'size_t' to 'int', possible loss of data
C:\Users\victo\Desktop\Proiect-POO-Curs\src\lab_m1\lab1\lab1.cpp(466,13): warning C4267: 'initializing': conversion from 'size_t' to 'int', possible loss of data
C:\Users\victo\Desktop\Proiect-POO-Curs\src\lab_m1\lab1\lab1.cpp(492,17): warning C4267: 'initializing': conversion from 'size_t' to 'int', possible loss of data
  GFXFramework.vcxproj -> C:\Users\victo\Desktop\Proiect-POO-Curs\build\bin\Debug\GFXFramework.exe
  Junction created for C:\Users\victo\Desktop\Proiect-POO-Curs\build\bin\Debug\src <<===>> C:\Users\victo\Desktop\Proiect-POO-Curs\src
  Junction created for C:\Users\victo\Desktop\Proiect-POO-Curs\build\bin\Debug\assets <<===>> C:\Users\victo\Desktop\Proiect-POO-Curs\assets
